# JRE version: OpenJDK Runtime Environment (7.0_55-b14) (build 1.7.0_55-b14)
# Java VM: OpenJDK Server VM (24.51-b03 mixed mode linux-x86 )
Heap
 PSYoungGen      total 18432K, used 14531K [0xa8a80000, 0xaae80000, 0xb3140000)
  eden space 15872K, 75% used [0xa8a80000,0xa9631920,0xa9a00000)
  from space 2560K, 99% used [0xa9a00000,0xa9c7f540,0xa9c80000)
  to   space 2560K, 0% used [0xaac00000,0xaac00000,0xaae80000)
 ParOldGen       total 41728K, used 7845K [0x93d40000, 0x96600000, 0xa8a80000)
  object space 41728K, 18% used [0x93d40000,0x944e9460,0x96600000)
 PSPermGen       total 22528K, used 22476K [0x8bd40000, 0x8d340000, 0x93d40000)
  object space 22528K, 99% used [0x8bd40000,0x8d333130,0x8d340000)
GC Heap History (6 events):
Event: 1.743 GC heap before
{Heap before GC invocations=1 (full 0):
 PSYoungGen      total 18432K, used 15872K [0xa8a80000, 0xa9f00000, 0xb3140000)
  eden space 15872K, 100% used [0xa8a80000,0xa9a00000,0xa9a00000)
  from space 2560K, 0% used [0xa9c80000,0xa9c80000,0xa9f00000)
  to   space 2560K, 0% used [0xa9a00000,0xa9a00000,0xa9c80000)
 ParOldGen       total 41728K, used 0K [0x93d40000, 0x96600000, 0xa8a80000)
  object space 41728K, 0% used [0x93d40000,0x93d40000,0x96600000)
 PSPermGen       total 16384K, used 12792K [0x8bd40000, 0x8cd40000, 0x93d40000)
  object space 16384K, 78% used [0x8bd40000,0x8c9be1b0,0x8cd40000)
Event: 1.759 GC heap after
Heap after GC invocations=1 (full 0):
 PSYoungGen      total 18432K, used 2548K [0xa8a80000, 0xa9f00000, 0xb3140000)
  eden space 15872K, 0% used [0xa8a80000,0xa8a80000,0xa9a00000)
  from space 2560K, 99% used [0xa9a00000,0xa9c7d150,0xa9c80000)
  to   space 2560K, 0% used [0xa9c80000,0xa9c80000,0xa9f00000)
 ParOldGen       total 41728K, used 3256K [0x93d40000, 0x96600000, 0xa8a80000)
  object space 41728K, 7% used [0x93d40000,0x9406e3b0,0x96600000)
 PSPermGen       total 16384K, used 12792K [0x8bd40000, 0x8cd40000, 0x93d40000)
  object space 16384K, 78% used [0x8bd40000,0x8c9be1b0,0x8cd40000)
}
Event: 3.067 GC heap before
{Heap before GC invocations=2 (full 0):
 PSYoungGen      total 18432K, used 18420K [0xa8a80000, 0xa9f00000, 0xb3140000)
  eden space 15872K, 100% used [0xa8a80000,0xa9a00000,0xa9a00000)
  from space 2560K, 99% used [0xa9a00000,0xa9c7d150,0xa9c80000)
  to   space 2560K, 0% used [0xa9c80000,0xa9c80000,0xa9f00000)
 ParOldGen       total 41728K, used 3256K [0x93d40000, 0x96600000, 0xa8a80000)
  object space 41728K, 7% used [0x93d40000,0x9406e3b0,0x96600000)
 PSPermGen       total 16896K, used 16804K [0x8bd40000, 0x8cdc0000, 0x93d40000)
  object space 16896K, 99% used [0x8bd40000,0x8cda9170,0x8cdc0000)
Event: 3.086 GC heap after
Heap after GC invocations=2 (full 0):
 PSYoungGen      total 18432K, used 2557K [0xa8a80000, 0xaae80000, 0xb3140000)
  eden space 15872K, 0% used [0xa8a80000,0xa8a80000,0xa9a00000)
  from space 2560K, 99% used [0xa9c80000,0xa9eff540,0xa9f00000)
  to   space 2560K, 0% used [0xa9a00000,0xa9a00000,0xa9c80000)
 ParOldGen       total 41728K, used 6681K [0x93d40000, 0x96600000, 0xa8a80000)
  object space 41728K, 16% used [0x93d40000,0x943c6488,0x96600000)
 PSPermGen       total 16896K, used 16804K [0x8bd40000, 0x8cdc0000, 0x93d40000)
  object space 16896K, 99% used [0x8bd40000,0x8cda9170,0x8cdc0000)
}
Event: 3.691 GC heap before
{Heap before GC invocations=3 (full 0):
 PSYoungGen      total 18432K, used 18429K [0xa8a80000, 0xaae80000, 0xb3140000)
  eden space 15872K, 100% used [0xa8a80000,0xa9a00000,0xa9a00000)
  from space 2560K, 99% used [0xa9c80000,0xa9eff540,0xa9f00000)
  to   space 2560K, 0% used [0xa9a00000,0xa9a00000,0xa9c80000)
 ParOldGen       total 41728K, used 6681K [0x93d40000, 0x96600000, 0xa8a80000)
  object space 41728K, 16% used [0x93d40000,0x943c6488,0x96600000)
 PSPermGen       total 17152K, used 17131K [0x8bd40000, 0x8ce00000, 0x93d40000)
  object space 17152K, 99% used [0x8bd40000,0x8cdfad58,0x8ce00000)
Event: 3.706 GC heap after
Heap after GC invocations=3 (full 0):
 PSYoungGen      total 18432K, used 2557K [0xa8a80000, 0xaae80000, 0xb3140000)
  eden space 15872K, 0% used [0xa8a80000,0xa8a80000,0xa9a00000)
  from space 2560K, 99% used [0xa9a00000,0xa9c7f540,0xa9c80000)
  to   space 2560K, 0% used [0xaac00000,0xaac00000,0xaae80000)
 ParOldGen       total 41728K, used 7845K [0x93d40000, 0x96600000, 0xa8a80000)
  object space 41728K, 18% used [0x93d40000,0x944e9460,0x96600000)
 PSPermGen       total 17152K, used 17131K [0x8bd40000, 0x8ce00000, 0x93d40000)
  object space 17152K, 99% used [0x8bd40000,0x8cdfad58,0x8ce00000)
}

